<?xml version="1.0" encoding="UTF-8"?>
<testsuite xmlns:xsi="http://www.w3.org/2001/XMLSchema-instance" xsi:noNamespaceSchemaLocation="https://maven.apache.org/surefire/maven-surefire-plugin/xsd/surefire-test-report-3.0.xsd" version="3.0" name="dev.ranieri.servicetests.BookServiceTests" time="0.787" tests="4" errors="4" skipped="0" failures="0">
  <properties>
[...]
</properties>
  <testcase name="sortByLengthDescending" classname="dev.ranieri.servicetests.BookServiceTests" time="0.738">
    <error type="java.lang.NullPointerException"><![CDATA[java.lang.NullPointerException
	at dev.ranieri.servicetests.BookServiceTests.sortByLengthDescending(BookServiceTests.java:76)
]]></error>
  </testcase>
  <testcase name="sortByLengthAscending" classname="dev.ranieri.servicetests.BookServiceTests" time="0.002">
    <error type="java.lang.NullPointerException"><![CDATA[java.lang.NullPointerException
	at dev.ranieri.servicetests.BookServiceTests.sortByLengthAscending(BookServiceTests.java:63)
]]></error>
  </testcase>
  <testcase name="sortByAuthor" classname="dev.ranieri.servicetests.BookServiceTests" time="0.001">
    <error type="java.lang.NullPointerException"><![CDATA[java.lang.NullPointerException
	at dev.ranieri.servicetests.BookServiceTests.sortByAuthor(BookServiceTests.java:49)
]]></error>
  </testcase>
  <testcase name="sortByGenre" classname="dev.ranieri.servicetests.BookServiceTests" time="0.002">
    <error type="java.lang.NullPointerException"><![CDATA[java.lang.NullPointerException
	at dev.ranieri.servicetests.BookServiceTests.sortByGenre(BookServiceTests.java:55)
]]></error>
  </testcase>
</testsuite>